2026-05-13 23:17:55,182 [INFO] ============================================================
2026-05-13 23:17:55,182 [INFO] イベントエディタ (PyQt5版) 起動
2026-05-13 23:17:55,182 [INFO] ============================================================
2026-05-13 23:17:55,255 [INFO] ============================================================
2026-05-13 23:17:55,258 [INFO] アプリケーション起動 (PyQt5版)
2026-05-13 23:17:55,259 [INFO] ============================================================
2026-05-13 23:18:03,126 [INFO] start_preview呼び出し（preview_dialogue.py起動）
2026-05-13 23:18:05,531 [INFO] プレビュープロセス起動: PID=38928
2026-05-13 23:20:19,445 [INFO] start_preview呼び出し（preview_dialogue.py起動）
2026-05-13 23:20:21,012 [INFO] プレビュープロセス起動: PID=11664
2026-05-13 23:28:21,407 [INFO] start_preview呼び出し（preview_dialogue.py起動）
2026-05-13 23:28:23,966 [INFO] プレビュープロセス起動: PID=14544
2026-05-13 23:37:17,317 [INFO] start_preview呼び出し（preview_dialogue.py起動）
2026-05-13 23:37:19,070 [INFO] プレビュープロセス起動: PID=19840
2026-05-13 23:37:38,017 [INFO] start_preview呼び出し（preview_dialogue.py起動）
2026-05-13 23:37:41,076 [INFO] プレビュープロセス起動: PID=39348
2026-05-13 23:38:23,708 [INFO] start_preview呼び出し（preview_dialogue.py起動）
2026-05-13 23:38:25,186 [INFO] プレビュープロセス起動: PID=12240
2026-05-13 23:40:37,276 [INFO] start_preview呼び出し（preview_dialogue.py起動）
2026-05-13 23:40:39,788 [INFO] プレビュープロセス起動: PID=29496
2026-05-13 23:41:01,270 [INFO] アプリケーション終了処理開始
2026-05-13 23:41:01,271 [INFO] アプリケーション終了
2026-05-13 23:41:06,705 [INFO] ============================================================
2026-05-13 23:41:06,705 [INFO] イベントエディタ (PyQt5版) 起動
2026-05-13 23:41:06,705 [INFO] ============================================================
2026-05-13 23:41:16,811 [INFO] ============================================================
2026-05-13 23:41:16,811 [INFO] イベントエディタ (PyQt5版) 起動
2026-05-13 23:41:16,811 [INFO] ============================================================
2026-05-13 23:44:00,060 [INFO] ============================================================
2026-05-13 23:44:00,060 [INFO] イベントエディタ (PyQt5版) 起動
2026-05-13 23:44:00,060 [INFO] ============================================================
2026-05-13 23:44:00,145 [INFO] ============================================================
2026-05-13 23:44:00,145 [INFO] アプリケーション起動 (PyQt5版)
2026-05-13 23:44:00,145 [INFO] ============================================================
2026-05-13 23:44:04,974 [INFO] start_preview呼び出し（preview_dialogue.py起動）
2026-05-13 23:44:06,707 [INFO] プレビュープロセス起動: PID=49572
2026-05-13 23:44:37,200 [INFO] start_preview呼び出し（preview_dialogue.py起動）
2026-05-13 23:44:38,701 [INFO] プレビュープロセス起動: PID=19272
2026-05-13 23:44:57,475 [INFO] start_preview呼び出し（preview_dialogue.py起動）
2026-05-13 23:44:59,211 [INFO] プレビュープロセス起動: PID=4148
2026-05-13 23:45:08,673 [INFO] start_preview呼び出し（preview_dialogue.py起動）
2026-05-13 23:45:11,084 [INFO] プレビュープロセス起動: PID=11600
2026-05-13 23:45:19,115 [INFO] start_preview呼び出し（preview_dialogue.py起動）
2026-05-13 23:45:21,275 [INFO] プレビュープロセス起動: PID=8072
2026-05-13 23:45:34,692 [INFO] start_preview呼び出し（preview_dialogue.py起動）
2026-05-13 23:45:35,973 [INFO] プレビュープロセス起動: PID=8692
2026-05-13 23:45:56,734 [INFO] start_preview呼び出し（preview_dialogue.py起動）
2026-05-13 23:45:58,437 [INFO] プレビュープロセス起動: PID=7020
2026-05-13 23:48:08,020 [INFO] start_preview呼び出し（preview_dialogue.py起動）
2026-05-13 23:48:09,797 [INFO] プレビュープロセス起動: PID=14764
2026-05-13 23:49:12,970 [INFO] start_preview呼び出し（preview_dialogue.py起動）
2026-05-13 23:49:14,714 [INFO] プレビュープロセス起動: PID=39352
2026-05-13 23:49:30,151 [INFO] start_preview呼び出し（preview_dialogue.py起動）
2026-05-13 23:49:31,545 [INFO] プレビュープロセス起動: PID=28716
2026-05-13 23:50:05,494 [INFO] start_preview呼び出し（preview_dialogue.py起動）
2026-05-13 23:50:09,676 [INFO] プレビュープロセス起動: PID=23280
2026-05-13 23:50:36,641 [INFO] start_preview呼び出し（preview_dialogue.py起動）
2026-05-13 23:50:38,397 [INFO] プレビュープロセス起動: PID=22592
2026-05-13 23:50:55,962 [INFO] start_preview呼び出し（preview_dialogue.py起動）
2026-05-13 23:50:57,776 [INFO] プレビュープロセス起動: PID=48396
2026-05-13 23:52:12,282 [INFO] start_preview呼び出し（preview_dialogue.py起動）
2026-05-13 23:52:13,192 [INFO] 既存プレビュープロセス (PID=48396) を終了
2026-05-13 23:52:14,528 [INFO] プレビュープロセス起動: PID=7008
2026-05-14 00:02:18,970 [INFO] start_preview呼び出し（preview_dialogue.py起動）
2026-05-14 00:02:21,203 [INFO] プレビュープロセス起動: PID=26084
2026-05-14 00:02:28,151 [INFO] start_preview呼び出し（preview_dialogue.py起動）
2026-05-14 00:02:30,099 [INFO] プレビュープロセス起動: PID=40864
