2025-11-24 16:56:11,570 [INFO] ============================================================
2025-11-24 16:56:11,570 [INFO] イベントエディタ起動
2025-11-24 16:56:11,570 [INFO] ============================================================
2025-11-24 16:56:11,698 [INFO] ============================================================
2025-11-24 16:56:11,700 [INFO] アプリケーション起動
2025-11-24 16:56:11,700 [INFO] ============================================================
2025-11-24 16:56:11,790 [INFO] Tkinterルートウィンドウ作成完了
2025-11-24 16:56:13,133 [INFO] EventEditorGUI初期化完了
2025-11-24 16:56:13,133 [INFO] メインループ開始
2025-11-24 16:56:16,376 [INFO] start_preview呼び出し
2025-11-24 16:56:16,376 [WARNING] プレビューするファイルが未選択
2025-11-24 17:00:02,767 [INFO] start_preview呼び出し
2025-11-24 17:00:02,767 [INFO] PreviewWindowインスタンス作成
2025-11-24 17:00:02,777 [INFO] プレビュースレッド起動
2025-11-24 17:00:02,777 [INFO] プレビューウィンドウ起動開始
2025-11-24 17:00:02,777 [INFO] プレビュースレッド起動完了
2025-11-24 17:00:02,777 [INFO] Pygame初期化開始
2025-11-24 17:00:02,777 [INFO] ロードコマンドスケジュール: c:\Users\nachi\Downloads\soft\GitHub\mo-kiss\events\E004.ks
2025-11-24 17:00:02,777 [DEBUG] pygame.init()呼び出し
2025-11-24 17:00:03,042 [DEBUG] pygame.mixer.init()呼び出し
2025-11-24 17:00:03,042 [DEBUG] ウィンドウ作成: 960x540
2025-11-24 17:00:03,098 [DEBUG] ウィンドウ作成完了
2025-11-24 17:00:03,100 [DEBUG] 仮想画面作成: 1920x1080
2025-11-24 17:00:03,101 [DEBUG] 仮想画面作成完了
2025-11-24 17:00:03,102 [INFO] Pygame初期化完了 (仮想: 1920x1080, ウィンドウ: 960x540)
2025-11-24 17:00:03,102 [INFO] メインループ開始
2025-11-24 17:00:03,142 [DEBUG] ステータス受信: initialized = True
2025-11-24 17:00:03,806 [INFO] コマンド受信: load
2025-11-24 17:00:03,806 [INFO] ロードコマンド: c:\Users\nachi\Downloads\soft\GitHub\mo-kiss\events\E004.ks, 段落: None
2025-11-24 17:00:03,806 [INFO] load_event開始: c:\Users\nachi\Downloads\soft\GitHub\mo-kiss\events\E004.ks, 段落: None
2025-11-24 17:00:03,806 [DEBUG] ゲーム状態初期化開始
2025-11-24 17:00:03,806 [INFO] ゲーム状態初期化開始
2025-11-24 17:00:03,806 [DEBUG] BGMManager初期化
2025-11-24 17:00:03,807 [DEBUG] SEManager初期化
2025-11-24 17:00:03,807 [DEBUG] DialogueLoader初期化
2025-11-24 17:00:03,807 [DEBUG] ImageManager初期化
2025-11-24 17:00:03,808 [DEBUG] TextRenderer初期化
2025-11-24 17:00:03,830 [DEBUG] ChoiceRenderer初期化
2025-11-24 17:00:03,833 [DEBUG] NotificationManager初期化
2025-11-24 17:00:03,833 [DEBUG] BacklogManager初期化
2025-11-24 17:00:03,927 [DEBUG] TextRendererにBacklogManagerを設定
2025-11-24 17:00:03,928 [DEBUG] DialogueLoaderに通知システムを設定
2025-11-24 17:00:03,928 [DEBUG] 画像パススキャン開始
2025-11-24 17:00:03,932 [DEBUG] 必須画像ロード開始
2025-11-24 17:00:03,953 [DEBUG] 画像ロード完了
2025-11-24 17:00:03,953 [DEBUG] ゲーム状態初期化完了
2025-11-24 17:00:03,953 [DEBUG] KSファイルパース開始
2025-11-24 17:00:03,996 [DEBUG] パース完了: 212個のエントリ
2025-11-24 17:00:03,997 [DEBUG] データ正規化開始
2025-11-24 17:00:03,997 [DEBUG] 正規化完了: 211個のエントリ
2025-11-24 17:00:03,998 [DEBUG] キャラクター画像事前ロード開始
2025-11-24 17:00:04,306 [DEBUG] キャラクター画像事前ロード完了
2025-11-24 17:00:04,306 [DEBUG] advance_dialogue()呼び出し
2025-11-24 17:00:04,314 [DEBUG] 現在の段落: 2
2025-11-24 17:00:04,314 [INFO] KSファイル読み込み完了: c:\Users\nachi\Downloads\soft\GitHub\mo-kiss\events\E004.ks
2025-11-24 17:00:04,331 [DEBUG] ステータス受信: loaded = True
2025-11-24 17:00:06,770 [DEBUG] ステータス受信: paragraph_update = 3
2025-11-24 17:00:07,574 [DEBUG] ステータス受信: paragraph_update = 4
2025-11-24 17:00:08,487 [DEBUG] ステータス受信: paragraph_update = 5
2025-11-24 17:00:09,390 [DEBUG] ステータス受信: paragraph_update = 6
2025-11-24 17:00:10,193 [DEBUG] ステータス受信: paragraph_update = 7
2025-11-24 17:00:11,096 [DEBUG] ステータス受信: paragraph_update = 9
2025-11-24 17:00:11,799 [DEBUG] ステータス受信: paragraph_update = 10
2025-11-24 17:00:14,208 [DEBUG] プレビューループ実行中: 300回目, game_state=あり
2025-11-24 17:00:17,234 [DEBUG] ステータス受信: paragraph_update = 11
2025-11-24 17:00:17,938 [DEBUG] ステータス受信: paragraph_update = 13
2025-11-24 17:00:18,545 [DEBUG] ステータス受信: paragraph_update = 14
2025-11-24 17:00:20,656 [DEBUG] ステータス受信: paragraph_update = 15
2025-11-24 17:00:21,862 [DEBUG] ステータス受信: paragraph_update = 17
2025-11-24 17:00:22,666 [DEBUG] ステータス受信: paragraph_update = 18
2025-11-24 17:00:23,674 [DEBUG] ステータス受信: paragraph_update = 19
2025-11-24 17:00:24,272 [DEBUG] プレビューループ実行中: 600回目, game_state=あり
2025-11-24 17:00:24,880 [DEBUG] ステータス受信: paragraph_update = 20
2025-11-24 17:00:26,783 [DEBUG] ステータス受信: paragraph_update = 21
2025-11-24 17:00:27,787 [DEBUG] ステータス受信: paragraph_update = 23
2025-11-24 17:00:28,691 [DEBUG] ステータス受信: paragraph_update = 24
2025-11-24 17:00:30,295 [DEBUG] ステータス受信: paragraph_update = 25
2025-11-24 17:00:34,341 [DEBUG] プレビューループ実行中: 900回目, game_state=あり
2025-11-24 17:00:37,999 [INFO] QUITイベント受信
2025-11-24 17:00:38,019 [INFO] メインループ終了
2025-11-24 17:00:38,019 [INFO] プレビューウィンドウ終了処理開始
2025-11-24 17:00:38,026 [DEBUG] ステータス受信: quit = True
2025-11-24 17:00:38,026 [INFO] プレビュー終了通知受信
2025-11-24 17:00:38,081 [INFO] Pygame正常終了
2025-11-24 17:00:38,081 [INFO] 停止ステータス送信完了
2025-11-24 17:00:38,129 [DEBUG] ステータス受信: stopped = True
2025-11-24 17:00:38,129 [INFO] プレビュー停止通知受信
2025-11-24 17:00:39,511 [INFO] start_preview呼び出し
2025-11-24 17:00:39,519 [INFO] PreviewWindowインスタンス作成
2025-11-24 17:00:39,519 [INFO] プレビュースレッド起動
2025-11-24 17:00:39,519 [INFO] プレビューウィンドウ起動開始
2025-11-24 17:00:39,519 [INFO] プレビュースレッド起動完了
2025-11-24 17:00:39,519 [INFO] Pygame初期化開始
2025-11-24 17:00:39,519 [INFO] ロードコマンドスケジュール: c:\Users\nachi\Downloads\soft\GitHub\mo-kiss\events\E004.ks
2025-11-24 17:00:39,519 [DEBUG] pygame.init()呼び出し
2025-11-24 17:00:39,610 [DEBUG] pygame.mixer.init()呼び出し
2025-11-24 17:00:39,610 [DEBUG] ウィンドウ作成: 960x540
2025-11-24 17:00:39,673 [DEBUG] ウィンドウ作成完了
2025-11-24 17:00:39,674 [DEBUG] 仮想画面作成: 1920x1080
2025-11-24 17:00:39,677 [DEBUG] 仮想画面作成完了
2025-11-24 17:00:39,677 [INFO] Pygame初期化完了 (仮想: 1920x1080, ウィンドウ: 960x540)
2025-11-24 17:00:39,677 [INFO] メインループ開始
2025-11-24 17:00:39,716 [DEBUG] ステータス受信: initialized = True
2025-11-24 17:00:40,550 [INFO] コマンド受信: load
2025-11-24 17:00:40,550 [INFO] ロードコマンド: c:\Users\nachi\Downloads\soft\GitHub\mo-kiss\events\E004.ks, 段落: None
2025-11-24 17:00:40,550 [INFO] load_event開始: c:\Users\nachi\Downloads\soft\GitHub\mo-kiss\events\E004.ks, 段落: None
2025-11-24 17:00:40,550 [DEBUG] ゲーム状態初期化開始
2025-11-24 17:00:40,550 [INFO] ゲーム状態初期化開始
2025-11-24 17:00:40,551 [DEBUG] BGMManager初期化
2025-11-24 17:00:40,551 [DEBUG] SEManager初期化
2025-11-24 17:00:40,551 [DEBUG] DialogueLoader初期化
2025-11-24 17:00:40,552 [DEBUG] ImageManager初期化
2025-11-24 17:00:40,552 [DEBUG] TextRenderer初期化
2025-11-24 17:00:40,556 [DEBUG] ChoiceRenderer初期化
2025-11-24 17:00:40,558 [DEBUG] NotificationManager初期化
2025-11-24 17:00:40,560 [DEBUG] BacklogManager初期化
2025-11-24 17:00:40,561 [DEBUG] TextRendererにBacklogManagerを設定
2025-11-24 17:00:40,561 [DEBUG] DialogueLoaderに通知システムを設定
2025-11-24 17:00:40,561 [DEBUG] 画像パススキャン開始
2025-11-24 17:00:40,565 [DEBUG] 必須画像ロード開始
2025-11-24 17:00:40,584 [DEBUG] 画像ロード完了
2025-11-24 17:00:40,586 [DEBUG] ゲーム状態初期化完了
2025-11-24 17:00:40,586 [DEBUG] KSファイルパース開始
2025-11-24 17:00:40,626 [DEBUG] パース完了: 212個のエントリ
2025-11-24 17:00:40,627 [DEBUG] データ正規化開始
2025-11-24 17:00:40,628 [DEBUG] 正規化完了: 211個のエントリ
2025-11-24 17:00:40,628 [DEBUG] キャラクター画像事前ロード開始
2025-11-24 17:00:40,932 [DEBUG] キャラクター画像事前ロード完了
2025-11-24 17:00:40,932 [DEBUG] advance_dialogue()呼び出し
2025-11-24 17:00:40,935 [DEBUG] 現在の段落: 2
2025-11-24 17:00:40,935 [INFO] KSファイル読み込み完了: c:\Users\nachi\Downloads\soft\GitHub\mo-kiss\events\E004.ks
2025-11-24 17:00:40,937 [DEBUG] ステータス受信: loaded = True
2025-11-24 17:00:41,291 [INFO] コマンド受信: jump
2025-11-24 17:00:41,292 [INFO] ジャンプコマンド: 段落 4
2025-11-24 17:00:41,292 [INFO] load_event開始: c:\Users\nachi\Downloads\soft\GitHub\mo-kiss\events\E004.ks, 段落: None
2025-11-24 17:00:41,293 [DEBUG] ゲーム状態初期化開始
2025-11-24 17:00:41,293 [INFO] ゲーム状態初期化開始
2025-11-24 17:00:41,293 [DEBUG] BGMManager初期化
2025-11-24 17:00:41,293 [DEBUG] SEManager初期化
2025-11-24 17:00:41,294 [DEBUG] DialogueLoader初期化
2025-11-24 17:00:41,294 [DEBUG] ImageManager初期化
2025-11-24 17:00:41,295 [DEBUG] TextRenderer初期化
2025-11-24 17:00:41,299 [DEBUG] ChoiceRenderer初期化
2025-11-24 17:00:41,301 [DEBUG] NotificationManager初期化
2025-11-24 17:00:41,302 [DEBUG] BacklogManager初期化
2025-11-24 17:00:41,302 [DEBUG] TextRendererにBacklogManagerを設定
2025-11-24 17:00:41,302 [DEBUG] DialogueLoaderに通知システムを設定
2025-11-24 17:00:41,302 [DEBUG] 画像パススキャン開始
2025-11-24 17:00:41,306 [DEBUG] 必須画像ロード開始
2025-11-24 17:00:41,326 [DEBUG] 画像ロード完了
2025-11-24 17:00:41,344 [DEBUG] ゲーム状態初期化完了
2025-11-24 17:00:41,344 [DEBUG] KSファイルパース開始
2025-11-24 17:00:41,383 [DEBUG] パース完了: 212個のエントリ
2025-11-24 17:00:41,383 [DEBUG] データ正規化開始
2025-11-24 17:00:41,385 [DEBUG] 正規化完了: 211個のエントリ
2025-11-24 17:00:41,385 [DEBUG] キャラクター画像事前ロード開始
2025-11-24 17:00:41,677 [DEBUG] キャラクター画像事前ロード完了
2025-11-24 17:00:41,678 [DEBUG] advance_dialogue()呼び出し
2025-11-24 17:00:41,681 [DEBUG] 現在の段落: 2
2025-11-24 17:00:41,681 [INFO] KSファイル読み込み完了: c:\Users\nachi\Downloads\soft\GitHub\mo-kiss\events\E004.ks
2025-11-24 17:00:41,682 [INFO] load_event開始: c:\Users\nachi\Downloads\soft\GitHub\mo-kiss\events\E004.ks, 段落: 4
2025-11-24 17:00:41,682 [DEBUG] ゲーム状態初期化開始
2025-11-24 17:00:41,682 [INFO] ゲーム状態初期化開始
2025-11-24 17:00:41,682 [DEBUG] BGMManager初期化
2025-11-24 17:00:41,682 [DEBUG] SEManager初期化
2025-11-24 17:00:41,682 [DEBUG] DialogueLoader初期化
2025-11-24 17:00:41,683 [DEBUG] ImageManager初期化
2025-11-24 17:00:41,683 [DEBUG] TextRenderer初期化
2025-11-24 17:00:41,686 [DEBUG] ステータス受信: loaded = True
2025-11-24 17:00:41,687 [DEBUG] ChoiceRenderer初期化
2025-11-24 17:00:41,688 [DEBUG] NotificationManager初期化
2025-11-24 17:00:41,689 [DEBUG] BacklogManager初期化
2025-11-24 17:00:41,690 [DEBUG] TextRendererにBacklogManagerを設定
2025-11-24 17:00:41,690 [DEBUG] DialogueLoaderに通知システムを設定
2025-11-24 17:00:41,690 [DEBUG] 画像パススキャン開始
2025-11-24 17:00:41,694 [DEBUG] 必須画像ロード開始
2025-11-24 17:00:41,714 [DEBUG] 画像ロード完了
2025-11-24 17:00:41,722 [DEBUG] ゲーム状態初期化完了
2025-11-24 17:00:41,723 [DEBUG] KSファイルパース開始
2025-11-24 17:00:41,761 [DEBUG] パース完了: 212個のエントリ
2025-11-24 17:00:41,761 [DEBUG] データ正規化開始
2025-11-24 17:00:41,764 [DEBUG] 正規化完了: 211個のエントリ
2025-11-24 17:00:41,764 [DEBUG] キャラクター画像事前ロード開始
2025-11-24 17:00:42,058 [DEBUG] キャラクター画像事前ロード完了
2025-11-24 17:00:42,058 [INFO] 段落 4 にジャンプ開始
2025-11-24 17:00:42,064 [INFO] 段落 5 に到達
2025-11-24 17:00:42,064 [INFO] KSファイル読み込み完了: c:\Users\nachi\Downloads\soft\GitHub\mo-kiss\events\E004.ks
2025-11-24 17:00:42,088 [DEBUG] ステータス受信: loaded = True
2025-11-24 17:00:48,369 [DEBUG] ステータス受信: paragraph_update = 6
2025-11-24 17:00:50,374 [DEBUG] ステータス受信: paragraph_update = 7
2025-11-24 17:00:52,267 [DEBUG] プレビューループ実行中: 300回目, game_state=あり
2025-11-24 17:00:53,280 [DEBUG] ステータス受信: paragraph_update = 9
2025-11-24 17:01:02,350 [DEBUG] プレビューループ実行中: 600回目, game_state=あり
2025-11-24 17:01:02,915 [DEBUG] ステータス受信: paragraph_update = 10
2025-11-24 17:01:03,518 [DEBUG] ステータス受信: paragraph_update = 11
2025-11-24 17:01:05,634 [DEBUG] ステータス受信: paragraph_update = 13
2025-11-24 17:01:12,414 [DEBUG] プレビューループ実行中: 900回目, game_state=あり
2025-11-24 17:01:22,512 [DEBUG] プレビューループ実行中: 1200回目, game_state=あり
2025-11-24 17:01:32,574 [DEBUG] プレビューループ実行中: 1500回目, game_state=あり
2025-11-24 17:01:42,625 [DEBUG] プレビューループ実行中: 1800回目, game_state=あり
2025-11-24 17:01:52,713 [DEBUG] プレビューループ実行中: 2100回目, game_state=あり
2025-11-24 17:02:02,801 [DEBUG] プレビューループ実行中: 2400回目, game_state=あり
2025-11-24 17:02:12,855 [DEBUG] プレビューループ実行中: 2700回目, game_state=あり
2025-11-24 17:02:22,897 [DEBUG] プレビューループ実行中: 3000回目, game_state=あり
2025-11-24 17:02:32,968 [DEBUG] プレビューループ実行中: 3300回目, game_state=あり
2025-11-24 17:02:43,052 [DEBUG] プレビューループ実行中: 3600回目, game_state=あり
2025-11-24 17:02:53,124 [DEBUG] プレビューループ実行中: 3900回目, game_state=あり
2025-11-24 17:03:03,182 [DEBUG] プレビューループ実行中: 4200回目, game_state=あり
2025-11-24 17:03:13,248 [DEBUG] プレビューループ実行中: 4500回目, game_state=あり
2025-11-24 17:03:23,343 [DEBUG] プレビューループ実行中: 4800回目, game_state=あり
2025-11-24 17:03:33,410 [DEBUG] プレビューループ実行中: 5100回目, game_state=あり
2025-11-24 17:03:43,483 [DEBUG] プレビューループ実行中: 5400回目, game_state=あり
2025-11-24 17:03:53,553 [DEBUG] プレビューループ実行中: 5700回目, game_state=あり
2025-11-24 17:04:03,636 [DEBUG] プレビューループ実行中: 6000回目, game_state=あり
2025-11-24 17:04:13,821 [DEBUG] プレビューループ実行中: 6300回目, game_state=あり
2025-11-24 17:04:23,918 [DEBUG] プレビューループ実行中: 6600回目, game_state=あり
2025-11-24 17:04:34,064 [DEBUG] プレビューループ実行中: 6900回目, game_state=あり
2025-11-24 17:04:44,119 [DEBUG] プレビューループ実行中: 7200回目, game_state=あり
2025-11-24 17:04:54,207 [DEBUG] プレビューループ実行中: 7500回目, game_state=あり
2025-11-24 17:05:04,273 [DEBUG] プレビューループ実行中: 7800回目, game_state=あり
2025-11-24 17:05:14,333 [DEBUG] プレビューループ実行中: 8100回目, game_state=あり
2025-11-24 17:05:24,410 [DEBUG] プレビューループ実行中: 8400回目, game_state=あり
2025-11-24 17:05:34,488 [DEBUG] プレビューループ実行中: 8700回目, game_state=あり
2025-11-24 17:05:44,558 [DEBUG] プレビューループ実行中: 9000回目, game_state=あり
2025-11-24 17:05:54,631 [DEBUG] プレビューループ実行中: 9300回目, game_state=あり
2025-11-24 17:06:04,703 [DEBUG] プレビューループ実行中: 9600回目, game_state=あり
2025-11-24 17:06:14,872 [DEBUG] プレビューループ実行中: 9900回目, game_state=あり
2025-11-24 17:06:24,944 [DEBUG] プレビューループ実行中: 10200回目, game_state=あり
2025-11-24 17:06:34,994 [DEBUG] プレビューループ実行中: 10500回目, game_state=あり
2025-11-24 17:06:45,067 [DEBUG] プレビューループ実行中: 10800回目, game_state=あり
2025-11-24 17:06:55,153 [DEBUG] プレビューループ実行中: 11100回目, game_state=あり
2025-11-24 17:07:05,237 [DEBUG] プレビューループ実行中: 11400回目, game_state=あり
2025-11-24 17:07:15,341 [DEBUG] プレビューループ実行中: 11700回目, game_state=あり
2025-11-24 17:07:25,644 [DEBUG] プレビューループ実行中: 12000回目, game_state=あり
2025-11-24 17:07:35,741 [DEBUG] プレビューループ実行中: 12300回目, game_state=あり
2025-11-24 17:07:45,835 [DEBUG] プレビューループ実行中: 12600回目, game_state=あり
2025-11-24 17:07:55,911 [DEBUG] プレビューループ実行中: 12900回目, game_state=あり
2025-11-24 17:08:05,975 [DEBUG] プレビューループ実行中: 13200回目, game_state=あり
2025-11-24 17:08:16,048 [DEBUG] プレビューループ実行中: 13500回目, game_state=あり
2025-11-24 17:08:26,132 [DEBUG] プレビューループ実行中: 13800回目, game_state=あり
2025-11-24 17:08:36,194 [DEBUG] プレビューループ実行中: 14100回目, game_state=あり
2025-11-24 17:08:46,286 [DEBUG] プレビューループ実行中: 14400回目, game_state=あり
2025-11-24 17:08:56,643 [DEBUG] プレビューループ実行中: 14700回目, game_state=あり
2025-11-24 17:09:06,772 [DEBUG] プレビューループ実行中: 15000回目, game_state=あり
2025-11-24 17:09:16,837 [DEBUG] プレビューループ実行中: 15300回目, game_state=あり
2025-11-24 17:09:22,368 [INFO] ウィンドウリサイズ: 956x985
2025-11-24 17:09:24,427 [INFO] ウィンドウリサイズ: 960x540
2025-11-24 17:09:26,021 [INFO] ウィンドウリサイズ: 741x356
2025-11-24 17:09:27,743 [DEBUG] プレビューループ実行中: 15600回目, game_state=あり
2025-11-24 17:09:28,162 [INFO] ウィンドウリサイズ: 636x356
2025-11-24 17:09:42,999 [DEBUG] プレビューループ実行中: 15900回目, game_state=あり
2025-11-24 17:09:53,087 [DEBUG] プレビューループ実行中: 16200回目, game_state=あり
2025-11-24 17:10:03,149 [DEBUG] プレビューループ実行中: 16500回目, game_state=あり
2025-11-24 17:10:13,217 [DEBUG] プレビューループ実行中: 16800回目, game_state=あり
2025-11-24 17:10:23,286 [DEBUG] プレビューループ実行中: 17100回目, game_state=あり
2025-11-24 17:10:33,369 [DEBUG] プレビューループ実行中: 17400回目, game_state=あり
2025-11-24 17:10:43,432 [DEBUG] プレビューループ実行中: 17700回目, game_state=あり
2025-11-24 17:10:53,492 [DEBUG] プレビューループ実行中: 18000回目, game_state=あり
2025-11-24 17:11:03,562 [DEBUG] プレビューループ実行中: 18300回目, game_state=あり
2025-11-24 17:11:13,619 [DEBUG] プレビューループ実行中: 18600回目, game_state=あり
2025-11-24 17:11:23,715 [DEBUG] プレビューループ実行中: 18900回目, game_state=あり
2025-11-24 17:11:35,031 [DEBUG] プレビューループ実行中: 19200回目, game_state=あり
2025-11-24 17:11:36,625 [INFO] ウィンドウリサイズ: 737x985
2025-11-24 17:11:36,963 [INFO] ウィンドウリサイズ: 737x469
2025-11-24 17:11:45,118 [DEBUG] プレビューループ実行中: 19500回目, game_state=あり
2025-11-24 17:11:55,199 [DEBUG] プレビューループ実行中: 19800回目, game_state=あり
2025-11-24 17:12:05,254 [DEBUG] プレビューループ実行中: 20100回目, game_state=あり
2025-11-24 17:12:15,308 [DEBUG] プレビューループ実行中: 20400回目, game_state=あり
2025-11-24 17:12:25,378 [DEBUG] プレビューループ実行中: 20700回目, game_state=あり
2025-11-24 17:12:35,475 [DEBUG] プレビューループ実行中: 21000回目, game_state=あり
2025-11-24 17:12:45,530 [DEBUG] プレビューループ実行中: 21300回目, game_state=あり
2025-11-24 17:12:55,562 [DEBUG] プレビューループ実行中: 21600回目, game_state=あり
2025-11-24 17:13:05,648 [DEBUG] プレビューループ実行中: 21900回目, game_state=あり
2025-11-24 17:13:15,719 [DEBUG] プレビューループ実行中: 22200回目, game_state=あり
2025-11-24 17:13:21,415 [INFO] QUITイベント受信
2025-11-24 17:13:21,431 [INFO] メインループ終了
2025-11-24 17:13:21,432 [INFO] プレビューウィンドウ終了処理開始
2025-11-24 17:13:21,490 [INFO] Pygame正常終了
2025-11-24 17:13:21,490 [DEBUG] ステータス受信: quit = True
2025-11-24 17:13:21,490 [INFO] 停止ステータス送信完了
2025-11-24 17:13:21,490 [INFO] プレビュー終了通知受信
2025-11-24 17:13:21,528 [DEBUG] ステータス受信: stopped = True
2025-11-24 17:13:21,529 [INFO] プレビュー停止通知受信
2025-11-24 17:13:22,346 [INFO] start_preview呼び出し
2025-11-24 17:13:22,347 [INFO] PreviewWindowインスタンス作成
2025-11-24 17:13:22,347 [INFO] プレビュースレッド起動
2025-11-24 17:13:22,347 [INFO] プレビューウィンドウ起動開始
2025-11-24 17:13:22,347 [INFO] プレビュースレッド起動完了
2025-11-24 17:13:22,347 [INFO] Pygame初期化開始
2025-11-24 17:13:22,347 [INFO] ロードコマンドスケジュール: c:\Users\nachi\Downloads\soft\GitHub\mo-kiss\events\E004.ks
2025-11-24 17:13:22,348 [DEBUG] pygame.init()呼び出し
2025-11-24 17:13:22,445 [DEBUG] pygame.mixer.init()呼び出し
2025-11-24 17:13:22,445 [DEBUG] ウィンドウ作成: 960x540
2025-11-24 17:13:22,500 [DEBUG] ウィンドウ作成完了
2025-11-24 17:13:22,501 [DEBUG] 仮想画面作成: 1920x1080
2025-11-24 17:13:22,502 [DEBUG] 仮想画面作成完了
2025-11-24 17:13:22,503 [INFO] Pygame初期化完了 (仮想: 1920x1080, ウィンドウ: 960x540)
2025-11-24 17:13:22,503 [INFO] メインループ開始
2025-11-24 17:13:22,592 [DEBUG] ステータス受信: initialized = True
2025-11-24 17:13:23,371 [INFO] コマンド受信: load
2025-11-24 17:13:23,371 [INFO] ロードコマンド: c:\Users\nachi\Downloads\soft\GitHub\mo-kiss\events\E004.ks, 段落: None
2025-11-24 17:13:23,371 [INFO] load_event開始: c:\Users\nachi\Downloads\soft\GitHub\mo-kiss\events\E004.ks, 段落: None
2025-11-24 17:13:23,371 [DEBUG] ゲーム状態初期化開始
2025-11-24 17:13:23,372 [INFO] ゲーム状態初期化開始
2025-11-24 17:13:23,372 [DEBUG] BGMManager初期化
2025-11-24 17:13:23,372 [DEBUG] SEManager初期化
2025-11-24 17:13:23,372 [DEBUG] DialogueLoader初期化
2025-11-24 17:13:23,373 [DEBUG] ImageManager初期化
2025-11-24 17:13:23,374 [DEBUG] TextRenderer初期化
2025-11-24 17:13:23,377 [DEBUG] ChoiceRenderer初期化
2025-11-24 17:13:23,379 [DEBUG] NotificationManager初期化
2025-11-24 17:13:23,380 [DEBUG] BacklogManager初期化
2025-11-24 17:13:23,381 [DEBUG] TextRendererにBacklogManagerを設定
2025-11-24 17:13:23,381 [DEBUG] DialogueLoaderに通知システムを設定
2025-11-24 17:13:23,381 [DEBUG] 画像パススキャン開始
2025-11-24 17:13:23,386 [DEBUG] 必須画像ロード開始
2025-11-24 17:13:23,406 [DEBUG] 画像ロード完了
2025-11-24 17:13:23,406 [DEBUG] ゲーム状態初期化完了
2025-11-24 17:13:23,406 [DEBUG] KSファイルパース開始
2025-11-24 17:13:23,442 [DEBUG] パース完了: 212個のエントリ
2025-11-24 17:13:23,442 [DEBUG] データ正規化開始
2025-11-24 17:13:23,443 [DEBUG] 正規化完了: 211個のエントリ
2025-11-24 17:13:23,443 [DEBUG] キャラクター画像事前ロード開始
2025-11-24 17:13:23,736 [DEBUG] キャラクター画像事前ロード完了
2025-11-24 17:13:23,736 [DEBUG] advance_dialogue()呼び出し
2025-11-24 17:13:23,740 [DEBUG] 現在の段落: 2
2025-11-24 17:13:23,740 [INFO] KSファイル読み込み完了: c:\Users\nachi\Downloads\soft\GitHub\mo-kiss\events\E004.ks
2025-11-24 17:13:23,800 [DEBUG] ステータス受信: loaded = True
2025-11-24 17:13:26,216 [INFO] ウィンドウリサイズ: 835x540
2025-11-24 17:13:34,364 [INFO] ウィンドウリサイズ: 664x430
2025-11-24 17:13:40,837 [DEBUG] プレビューループ実行中: 300回目, game_state=あり
2025-11-24 17:13:44,134 [DEBUG] ステータス受信: paragraph_update = 3
2025-11-24 17:13:44,644 [DEBUG] ステータス受信: paragraph_update = 4
2025-11-24 17:13:45,347 [DEBUG] ステータス受信: paragraph_update = 5
2025-11-24 17:13:45,951 [DEBUG] ステータス受信: paragraph_update = 6
2025-11-24 17:13:46,354 [DEBUG] ステータス受信: paragraph_update = 7
2025-11-24 17:13:46,657 [DEBUG] ステータス受信: paragraph_update = 9
2025-11-24 17:13:46,958 [DEBUG] ステータス受信: paragraph_update = 10
2025-11-24 17:13:47,260 [DEBUG] ステータス受信: paragraph_update = 11
2025-11-24 17:13:47,562 [DEBUG] ステータス受信: paragraph_update = 13
2025-11-24 17:13:50,917 [DEBUG] プレビューループ実行中: 600回目, game_state=あり
2025-11-24 17:13:58,320 [INFO] QUITイベント受信
2025-11-24 17:13:58,339 [INFO] メインループ終了
2025-11-24 17:13:58,339 [INFO] プレビューウィンドウ終了処理開始
2025-11-24 17:13:58,402 [INFO] Pygame正常終了
2025-11-24 17:13:58,402 [INFO] 停止ステータス送信完了
2025-11-24 17:13:58,434 [DEBUG] ステータス受信: quit = True
2025-11-24 17:13:58,435 [INFO] プレビュー終了通知受信
2025-11-24 17:13:58,435 [DEBUG] ステータス受信: stopped = True
2025-11-24 17:13:58,436 [INFO] プレビュー停止通知受信
2025-11-24 17:13:59,097 [INFO] start_preview呼び出し
2025-11-24 17:13:59,097 [INFO] PreviewWindowインスタンス作成
2025-11-24 17:13:59,098 [INFO] プレビュースレッド起動
2025-11-24 17:13:59,098 [INFO] プレビューウィンドウ起動開始
2025-11-24 17:13:59,098 [INFO] プレビュースレッド起動完了
2025-11-24 17:13:59,098 [INFO] Pygame初期化開始
2025-11-24 17:13:59,098 [INFO] ロードコマンドスケジュール: c:\Users\nachi\Downloads\soft\GitHub\mo-kiss\events\E004.ks
2025-11-24 17:13:59,099 [DEBUG] pygame.init()呼び出し
2025-11-24 17:13:59,184 [DEBUG] pygame.mixer.init()呼び出し
2025-11-24 17:13:59,184 [DEBUG] ウィンドウ作成: 960x540
2025-11-24 17:13:59,239 [DEBUG] ウィンドウ作成完了
2025-11-24 17:13:59,239 [DEBUG] 仮想画面作成: 1920x1080
2025-11-24 17:13:59,241 [DEBUG] 仮想画面作成完了
2025-11-24 17:13:59,242 [INFO] Pygame初期化完了 (仮想: 1920x1080, ウィンドウ: 960x540)
2025-11-24 17:13:59,243 [INFO] メインループ開始
2025-11-24 17:13:59,285 [DEBUG] ステータス受信: initialized = True
2025-11-24 17:14:00,112 [INFO] コマンド受信: load
2025-11-24 17:14:00,112 [INFO] ロードコマンド: c:\Users\nachi\Downloads\soft\GitHub\mo-kiss\events\E004.ks, 段落: None
2025-11-24 17:14:00,112 [INFO] load_event開始: c:\Users\nachi\Downloads\soft\GitHub\mo-kiss\events\E004.ks, 段落: None
2025-11-24 17:14:00,112 [DEBUG] ゲーム状態初期化開始
2025-11-24 17:14:00,112 [INFO] ゲーム状態初期化開始
2025-11-24 17:14:00,113 [DEBUG] BGMManager初期化
2025-11-24 17:14:00,113 [DEBUG] SEManager初期化
2025-11-24 17:14:00,113 [DEBUG] DialogueLoader初期化
2025-11-24 17:14:00,114 [DEBUG] ImageManager初期化
2025-11-24 17:14:00,114 [DEBUG] TextRenderer初期化
2025-11-24 17:14:00,118 [DEBUG] ChoiceRenderer初期化
2025-11-24 17:14:00,121 [DEBUG] NotificationManager初期化
2025-11-24 17:14:00,121 [DEBUG] BacklogManager初期化
2025-11-24 17:14:00,122 [DEBUG] TextRendererにBacklogManagerを設定
2025-11-24 17:14:00,122 [DEBUG] DialogueLoaderに通知システムを設定
2025-11-24 17:14:00,122 [DEBUG] 画像パススキャン開始
2025-11-24 17:14:00,127 [DEBUG] 必須画像ロード開始
2025-11-24 17:14:00,146 [DEBUG] 画像ロード完了
2025-11-24 17:14:00,147 [DEBUG] ゲーム状態初期化完了
2025-11-24 17:14:00,147 [DEBUG] KSファイルパース開始
2025-11-24 17:14:00,182 [DEBUG] パース完了: 212個のエントリ
2025-11-24 17:14:00,182 [DEBUG] データ正規化開始
2025-11-24 17:14:00,184 [DEBUG] 正規化完了: 211個のエントリ
2025-11-24 17:14:00,184 [DEBUG] キャラクター画像事前ロード開始
2025-11-24 17:14:00,484 [DEBUG] キャラクター画像事前ロード完了
2025-11-24 17:14:00,485 [DEBUG] advance_dialogue()呼び出し
2025-11-24 17:14:00,488 [DEBUG] 現在の段落: 2
2025-11-24 17:14:00,488 [INFO] KSファイル読み込み完了: c:\Users\nachi\Downloads\soft\GitHub\mo-kiss\events\E004.ks
2025-11-24 17:14:00,493 [DEBUG] ステータス受信: loaded = True
2025-11-24 17:14:05,461 [INFO] ウィンドウリサイズ: 603x372
2025-11-24 17:14:13,178 [DEBUG] プレビューループ実行中: 300回目, game_state=あり
2025-11-24 17:14:23,251 [DEBUG] プレビューループ実行中: 600回目, game_state=あり
2025-11-24 17:14:25,589 [DEBUG] ステータス受信: paragraph_update = 3
2025-11-24 17:14:25,893 [DEBUG] ステータス受信: paragraph_update = 4
2025-11-24 17:14:26,195 [DEBUG] ステータス受信: paragraph_update = 5
2025-11-24 17:14:26,596 [DEBUG] ステータス受信: paragraph_update = 6
2025-11-24 17:14:26,898 [DEBUG] ステータス受信: paragraph_update = 7
2025-11-24 17:14:27,200 [DEBUG] ステータス受信: paragraph_update = 9
2025-11-24 17:14:27,504 [DEBUG] ステータス受信: paragraph_update = 10
2025-11-24 17:14:27,807 [DEBUG] ステータス受信: paragraph_update = 11
2025-11-24 17:14:28,211 [DEBUG] ステータス受信: paragraph_update = 13
2025-11-24 17:14:33,338 [DEBUG] プレビューループ実行中: 900回目, game_state=あり
2025-11-24 17:14:43,457 [DEBUG] プレビューループ実行中: 1200回目, game_state=あり
2025-11-24 17:14:53,563 [DEBUG] プレビューループ実行中: 1500回目, game_state=あり
2025-11-24 17:15:03,644 [DEBUG] プレビューループ実行中: 1800回目, game_state=あり
2025-11-24 17:15:13,712 [DEBUG] プレビューループ実行中: 2100回目, game_state=あり
